<?xml version="1.0" encoding="UTF-8"?>
<!-- Generated by org.testng.reporters.JUnitReportReporter -->
<testsuite hostname="Shauryas-MacBook-Air.local" failures="0" tests="2" name="TestingALL.Testing" time="7.434" errors="0" timestamp="2025-04-27T12:20:06 IST" skipped="0">
  <testcase classname="TestingALL.Testing" name="f" time="7.291"/>
  <testcase classname="TestingALL.Testing" name="loginTest" time="0.143"/>
</testsuite> <!-- TestingALL.Testing -->
